<?xml version="1.0" encoding="UTF-8"?>
<!-- Generated by org.testng.reporters.JUnitXMLReporter -->
<testsuite ignored="0" hostname="DESKTOP-BUOI3DM" failures="3" tests="24" name="Test" time="172.52" errors="0" timestamp="2021-08-20T09:25:33 CET">
  <testcase classname="demo.TelecomDemo" name="Login" time="2.678"/>
  <testcase classname="demo.TelecomDemo" name="clientPriveNonExistent" time="13.097"/>
  <testcase classname="demo.TelecomDemo" name="clientPriveExistent" time="12.88"/>
  <testcase classname="demo.TelecomDemo" name="clientComnNonExistent" time="21.265"/>
  <testcase classname="demo.TelecomDemo" name="clientComExistent" time="22.53"/>
  <testcase classname="demo.TelecomDemo" name="clonageClient" time="5.831"/>
  <testcase classname="demo.TelecomDemo" name="rechClient" time="16.41"/>
  <testcase classname="demo.TelecomDemo" name="VersRechercheContrat" time="0.742"/>
  <testcase classname="demo.TelecomDemo" name="RechercheContratAvecCodeContart" time="1.212"/>
  <testcase classname="demo.TelecomDemo" name="RechercheContratAvecNumClient" time="0.615"/>
  <testcase classname="demo.TelecomDemo" name="RechercheContratAvecNom" time="0.815"/>
  <testcase classname="demo.TelecomDemo" name="RechercheContratAvecNumRessource" time="4.002"/>
  <testcase classname="demo.TelecomDemo" name="RechercheContratAvecStatutPlanTarifaire" time="1.565"/>
  <testcase classname="demo.TelecomDemo" name="GoToRandomClient" time="0.966"/>
  <testcase classname="demo.TelecomDemo" name="CreationContratSousClientDefinirLesAttributDeContartDeBase" time="0.4"/>
  <testcase classname="demo.TelecomDemo" name="CreationContratSousClientSelectionPlanTarifaireServices" time="0.57"/>
  <testcase classname="demo.TelecomDemo" name="CreationContratSousClientAffecterRessource" time="0.307"/>
  <testcase classname="demo.TelecomDemo" name="CreationContratSousClientConfigurationService" time="1.532"/>
  <testcase classname="demo.TelecomDemo" name="ConfirmationCreationDuContratSousClient" time="1.927"/>
  <testcase classname="demo.TelecomDemo" name="RechercheContratAvecCodeContratS" time="20.846"/>
  <testcase classname="demo.TelecomDemo" name="ChangementStatusService" time="28.051">
    <failure type="org.openqa.selenium.NoSuchElementException" message="Unable to locate element: //tr[11]/td[2]/table/tbody/tr/td/nobr/a/img
For documentation on this error, please visit: http://seleniumhq.org/exceptions/no_such_element.html
Build info: version: &amp;apos;3.4.0&amp;apos;, revision: &amp;apos;unknown&amp;apos;, time: &amp;apos;unknown&amp;apos;
System info: host: &amp;apos;DESKTOP-BUOI3DM&amp;apos;, ip: &amp;apos;10.55.1.188&amp;apos;, os.name: &amp;apos;Windows 10&amp;apos;, os.arch: &amp;apos;amd64&amp;apos;, os.version: &amp;apos;10.0&amp;apos;, java.version: &amp;apos;16.0.1&amp;apos;
Driver info: org.openqa.selenium.firefox.FirefoxDriver
Capabilities [{moz:profile=C:\Users\Zeftewi\AppData\Local\Temp\rust_mozprofilelsJQIK, moz:geckodriverVersion=0.29.1, timeouts={implicit=0.0, pageLoad=300000.0, script=30000.0}, pageLoadStrategy=normal, unhandledPromptBehavior=dismiss and notify, strictFileInteractability=false, moz:headless=false, platform=ANY, proxy=Proxy(), moz:accessibilityChecks=false, moz:useNonSpecCompliantPointerOrigin=false, acceptInsecureCerts=false, browserVersion=91.0.1, moz:shutdownTimeout=60000.0, platformVersion=10.0, moz:processID=8404.0, browserName=firefox, moz:buildID=20210816143654, javascriptEnabled=true, platformName=windows, setWindowRect=true, moz:webdriverClick=true}]
Session ID: 862431c3-cd9e-42cb-a577-b6448f4533e6
*** Element info: {Using=xpath, value=//tr[11]/td[2]/table/tbody/tr/td/nobr/a/img}">
      <![CDATA[org.openqa.selenium.NoSuchElementException: Unable to locate element: //tr[11]/td[2]/table/tbody/tr/td/nobr/a/img
For documentation on this error, please visit: http://seleniumhq.org/exceptions/no_such_element.html
Build info: version: '3.4.0', revision: 'unknown', time: 'unknown'
System info: host: 'DESKTOP-BUOI3DM', ip: '10.55.1.188', os.name: 'Windows 10', os.arch: 'amd64', os.version: '10.0', java.version: '16.0.1'
Driver info: org.openqa.selenium.firefox.FirefoxDriver
Capabilities [{moz:profile=C:\Users\Zeftewi\AppData\Local\Temp\rust_mozprofilelsJQIK, moz:geckodriverVersion=0.29.1, timeouts={implicit=0.0, pageLoad=300000.0, script=30000.0}, pageLoadStrategy=normal, unhandledPromptBehavior=dismiss and notify, strictFileInteractability=false, moz:headless=false, platform=ANY, proxy=Proxy(), moz:accessibilityChecks=false, moz:useNonSpecCompliantPointerOrigin=false, acceptInsecureCerts=false, browserVersion=91.0.1, moz:shutdownTimeout=60000.0, platformVersion=10.0, moz:processID=8404.0, browserName=firefox, moz:buildID=20210816143654, javascriptEnabled=true, platformName=windows, setWindowRect=true, moz:webdriverClick=true}]
Session ID: 862431c3-cd9e-42cb-a577-b6448f4533e6
*** Element info: {Using=xpath, value=//tr[11]/td[2]/table/tbody/tr/td/nobr/a/img}
at org.openqa.selenium.remote.http.W3CHttpResponseCodec.createException(W3CHttpResponseCodec.java:150)
at org.openqa.selenium.remote.http.W3CHttpResponseCodec.decode(W3CHttpResponseCodec.java:115)
at org.openqa.selenium.remote.http.W3CHttpResponseCodec.decode(W3CHttpResponseCodec.java:45)
at org.openqa.selenium.remote.HttpCommandExecutor.execute(HttpCommandExecutor.java:164)
at org.openqa.selenium.remote.service.DriverCommandExecutor.execute(DriverCommandExecutor.java:82)
at org.openqa.selenium.remote.RemoteWebDriver.execute(RemoteWebDriver.java:637)
at org.openqa.selenium.remote.RemoteWebDriver.findElement(RemoteWebDriver.java:410)
at org.openqa.selenium.remote.RemoteWebDriver.findElementByXPath(RemoteWebDriver.java:509)
at org.openqa.selenium.By$ByXPath.findElement(By.java:361)
at org.openqa.selenium.remote.RemoteWebDriver.findElement(RemoteWebDriver.java:402)
at pages.TelecomObject.BoutonVerifStatutS(TelecomObject.java:341)
at demo.TelecomDemo.ChangementStatusService(TelecomDemo.java:683)
at java.base/java.util.ArrayList.forEach(ArrayList.java:1511)
... Removed 32 stack frames]]>
    </failure>
  </testcase> <!-- ChangementStatusService -->
  <testcase classname="demo.TelecomDemo" name="ChangementStatusServiceV2" time="0.008">
    <failure type="org.openqa.selenium.NoSuchElementException" message="Unable to locate element: //tr[9]/td[2]/table/tbody/tr/td/nobr/a/img
For documentation on this error, please visit: http://seleniumhq.org/exceptions/no_such_element.html
Build info: version: &amp;apos;3.4.0&amp;apos;, revision: &amp;apos;unknown&amp;apos;, time: &amp;apos;unknown&amp;apos;
System info: host: &amp;apos;DESKTOP-BUOI3DM&amp;apos;, ip: &amp;apos;10.55.1.188&amp;apos;, os.name: &amp;apos;Windows 10&amp;apos;, os.arch: &amp;apos;amd64&amp;apos;, os.version: &amp;apos;10.0&amp;apos;, java.version: &amp;apos;16.0.1&amp;apos;
Driver info: org.openqa.selenium.firefox.FirefoxDriver
Capabilities [{moz:profile=C:\Users\Zeftewi\AppData\Local\Temp\rust_mozprofilelsJQIK, moz:geckodriverVersion=0.29.1, timeouts={implicit=0.0, pageLoad=300000.0, script=30000.0}, pageLoadStrategy=normal, unhandledPromptBehavior=dismiss and notify, strictFileInteractability=false, moz:headless=false, platform=ANY, proxy=Proxy(), moz:accessibilityChecks=false, moz:useNonSpecCompliantPointerOrigin=false, acceptInsecureCerts=false, browserVersion=91.0.1, moz:shutdownTimeout=60000.0, platformVersion=10.0, moz:processID=8404.0, browserName=firefox, moz:buildID=20210816143654, javascriptEnabled=true, platformName=windows, setWindowRect=true, moz:webdriverClick=true}]
Session ID: 862431c3-cd9e-42cb-a577-b6448f4533e6
*** Element info: {Using=xpath, value=//tr[9]/td[2]/table/tbody/tr/td/nobr/a/img}">
      <![CDATA[org.openqa.selenium.NoSuchElementException: Unable to locate element: //tr[9]/td[2]/table/tbody/tr/td/nobr/a/img
For documentation on this error, please visit: http://seleniumhq.org/exceptions/no_such_element.html
Build info: version: '3.4.0', revision: 'unknown', time: 'unknown'
System info: host: 'DESKTOP-BUOI3DM', ip: '10.55.1.188', os.name: 'Windows 10', os.arch: 'amd64', os.version: '10.0', java.version: '16.0.1'
Driver info: org.openqa.selenium.firefox.FirefoxDriver
Capabilities [{moz:profile=C:\Users\Zeftewi\AppData\Local\Temp\rust_mozprofilelsJQIK, moz:geckodriverVersion=0.29.1, timeouts={implicit=0.0, pageLoad=300000.0, script=30000.0}, pageLoadStrategy=normal, unhandledPromptBehavior=dismiss and notify, strictFileInteractability=false, moz:headless=false, platform=ANY, proxy=Proxy(), moz:accessibilityChecks=false, moz:useNonSpecCompliantPointerOrigin=false, acceptInsecureCerts=false, browserVersion=91.0.1, moz:shutdownTimeout=60000.0, platformVersion=10.0, moz:processID=8404.0, browserName=firefox, moz:buildID=20210816143654, javascriptEnabled=true, platformName=windows, setWindowRect=true, moz:webdriverClick=true}]
Session ID: 862431c3-cd9e-42cb-a577-b6448f4533e6
*** Element info: {Using=xpath, value=//tr[9]/td[2]/table/tbody/tr/td/nobr/a/img}
at org.openqa.selenium.remote.http.W3CHttpResponseCodec.createException(W3CHttpResponseCodec.java:150)
at org.openqa.selenium.remote.http.W3CHttpResponseCodec.decode(W3CHttpResponseCodec.java:115)
at org.openqa.selenium.remote.http.W3CHttpResponseCodec.decode(W3CHttpResponseCodec.java:45)
at org.openqa.selenium.remote.HttpCommandExecutor.execute(HttpCommandExecutor.java:164)
at org.openqa.selenium.remote.service.DriverCommandExecutor.execute(DriverCommandExecutor.java:82)
at org.openqa.selenium.remote.RemoteWebDriver.execute(RemoteWebDriver.java:637)
at org.openqa.selenium.remote.RemoteWebDriver.findElement(RemoteWebDriver.java:410)
at org.openqa.selenium.remote.RemoteWebDriver.findElementByXPath(RemoteWebDriver.java:509)
at org.openqa.selenium.By$ByXPath.findElement(By.java:361)
at org.openqa.selenium.remote.RemoteWebDriver.findElement(RemoteWebDriver.java:402)
at pages.TelecomObject.PathMouzikti(TelecomObject.java:394)
at demo.TelecomDemo.ChangementStatusServiceV2(TelecomDemo.java:699)
at java.base/java.util.ArrayList.forEach(ArrayList.java:1511)
... Removed 32 stack frames]]>
    </failure>
  </testcase> <!-- ChangementStatusServiceV2 -->
  <testcase classname="demo.TelecomDemo" name="AffectationService" time="0.009">
    <failure type="org.openqa.selenium.NoSuchElementException" message="Unable to locate element: //tr[7]/td[2]/table/tbody/tr/td/nobr/a/img
For documentation on this error, please visit: http://seleniumhq.org/exceptions/no_such_element.html
Build info: version: &amp;apos;3.4.0&amp;apos;, revision: &amp;apos;unknown&amp;apos;, time: &amp;apos;unknown&amp;apos;
System info: host: &amp;apos;DESKTOP-BUOI3DM&amp;apos;, ip: &amp;apos;10.55.1.188&amp;apos;, os.name: &amp;apos;Windows 10&amp;apos;, os.arch: &amp;apos;amd64&amp;apos;, os.version: &amp;apos;10.0&amp;apos;, java.version: &amp;apos;16.0.1&amp;apos;
Driver info: org.openqa.selenium.firefox.FirefoxDriver
Capabilities [{moz:profile=C:\Users\Zeftewi\AppData\Local\Temp\rust_mozprofilelsJQIK, moz:geckodriverVersion=0.29.1, timeouts={implicit=0.0, pageLoad=300000.0, script=30000.0}, pageLoadStrategy=normal, unhandledPromptBehavior=dismiss and notify, strictFileInteractability=false, moz:headless=false, platform=ANY, proxy=Proxy(), moz:accessibilityChecks=false, moz:useNonSpecCompliantPointerOrigin=false, acceptInsecureCerts=false, browserVersion=91.0.1, moz:shutdownTimeout=60000.0, platformVersion=10.0, moz:processID=8404.0, browserName=firefox, moz:buildID=20210816143654, javascriptEnabled=true, platformName=windows, setWindowRect=true, moz:webdriverClick=true}]
Session ID: 862431c3-cd9e-42cb-a577-b6448f4533e6
*** Element info: {Using=xpath, value=//tr[7]/td[2]/table/tbody/tr/td/nobr/a/img}">
      <![CDATA[org.openqa.selenium.NoSuchElementException: Unable to locate element: //tr[7]/td[2]/table/tbody/tr/td/nobr/a/img
For documentation on this error, please visit: http://seleniumhq.org/exceptions/no_such_element.html
Build info: version: '3.4.0', revision: 'unknown', time: 'unknown'
System info: host: 'DESKTOP-BUOI3DM', ip: '10.55.1.188', os.name: 'Windows 10', os.arch: 'amd64', os.version: '10.0', java.version: '16.0.1'
Driver info: org.openqa.selenium.firefox.FirefoxDriver
Capabilities [{moz:profile=C:\Users\Zeftewi\AppData\Local\Temp\rust_mozprofilelsJQIK, moz:geckodriverVersion=0.29.1, timeouts={implicit=0.0, pageLoad=300000.0, script=30000.0}, pageLoadStrategy=normal, unhandledPromptBehavior=dismiss and notify, strictFileInteractability=false, moz:headless=false, platform=ANY, proxy=Proxy(), moz:accessibilityChecks=false, moz:useNonSpecCompliantPointerOrigin=false, acceptInsecureCerts=false, browserVersion=91.0.1, moz:shutdownTimeout=60000.0, platformVersion=10.0, moz:processID=8404.0, browserName=firefox, moz:buildID=20210816143654, javascriptEnabled=true, platformName=windows, setWindowRect=true, moz:webdriverClick=true}]
Session ID: 862431c3-cd9e-42cb-a577-b6448f4533e6
*** Element info: {Using=xpath, value=//tr[7]/td[2]/table/tbody/tr/td/nobr/a/img}
at org.openqa.selenium.remote.http.W3CHttpResponseCodec.createException(W3CHttpResponseCodec.java:150)
at org.openqa.selenium.remote.http.W3CHttpResponseCodec.decode(W3CHttpResponseCodec.java:115)
at org.openqa.selenium.remote.http.W3CHttpResponseCodec.decode(W3CHttpResponseCodec.java:45)
at org.openqa.selenium.remote.HttpCommandExecutor.execute(HttpCommandExecutor.java:164)
at org.openqa.selenium.remote.service.DriverCommandExecutor.execute(DriverCommandExecutor.java:82)
at org.openqa.selenium.remote.RemoteWebDriver.execute(RemoteWebDriver.java:637)
at org.openqa.selenium.remote.RemoteWebDriver.findElement(RemoteWebDriver.java:410)
at org.openqa.selenium.remote.RemoteWebDriver.findElementByXPath(RemoteWebDriver.java:509)
at org.openqa.selenium.By$ByXPath.findElement(By.java:361)
at org.openqa.selenium.remote.RemoteWebDriver.findElement(RemoteWebDriver.java:402)
at pages.TelecomObject.ChoisirServicePourAffectation(TelecomObject.java:346)
at demo.TelecomDemo.AffectationService(TelecomDemo.java:735)
at java.base/java.util.ArrayList.forEach(ArrayList.java:1511)
... Removed 32 stack frames]]>
    </failure>
  </testcase> <!-- AffectationService -->
  <testcase classname="demo.TelecomDemo" name="LogOutc" time="0.334"/>
</testsuite> <!-- Test -->
